<?xml version="1.0" encoding="UTF-8"?>
<!-- Generated by org.testng.reporters.JUnitReportReporter -->
<testsuite hostname="Maria" failures="0" tests="3" name="Test.SimpleTest" time="0.006" errors="0" timestamp="2023-10-24T20:44:33 EDT" skipped="0">
  <testcase classname="Test.SimpleTest" name="testcase3" time="0.001"/>
  <testcase classname="Test.SimpleTest" name="testcase1" time="0.004"/>
  <testcase classname="Test.SimpleTest" name="testcase2" time="0.001"/>
</testsuite> <!-- Test.SimpleTest -->
